<?xml version="1.0" encoding="UTF-8"?>
<robot generator="Robot 4.0.3 (Python 3.9.6 on win32)" generated="20210628 22:03:36.110" rpa="false" schemaversion="2">
<suite id="s1" name="Exercicios" source="C:\Users\Lana\Desktop\Prime Exp\exercicios.robot">
<test id="s1-t1" name="Cenario: Imprimir todas as informações da pessoa contidas no dicionario">
<kw name="Log To Console" library="BuiltIn">
<arg>${PESSOA.nome}</arg>
<doc>Logs the given message to the console.</doc>
<status status="PASS" starttime="20210628 22:03:36.198" endtime="20210628 22:03:36.206"/>
</kw>
<kw name="Log To Console" library="BuiltIn">
<arg>${PESSOA.sobrenome}</arg>
<doc>Logs the given message to the console.</doc>
<status status="PASS" starttime="20210628 22:03:36.207" endtime="20210628 22:03:36.209"/>
</kw>
<kw name="Log To Console" library="BuiltIn">
<arg>${PESSOA.idade}</arg>
<doc>Logs the given message to the console.</doc>
<status status="PASS" starttime="20210628 22:03:36.209" endtime="20210628 22:03:36.212"/>
</kw>
<status status="PASS" starttime="20210628 22:03:36.196" endtime="20210628 22:03:36.214"/>
</test>
<doc>Aqui estarão presentes todos os exercicios do prime expert.
</doc>
<status status="PASS" starttime="20210628 22:03:36.115" endtime="20210628 22:03:36.217"/>
</suite>
<statistics>
<total>
<stat pass="1" fail="0" skip="0">All Tests</stat>
</total>
<tag>
</tag>
<suite>
<stat pass="1" fail="0" skip="0" id="s1" name="Exercicios">Exercicios</stat>
</suite>
</statistics>
<errors>
</errors>
</robot>
